TN:
SF:src/App.tsx
FN:16,(anonymous_0)
FNF:1
FNH:0
FNDA:0,(anonymous_0)
DA:14,0
DA:16,0
DA:17,0
LF:3
LH:0
BRF:0
BRH:0
end_of_record
TN:
SF:src/main.tsx
FNF:0
FNH:0
DA:5,0
LF:1
LH:0
BRF:0
BRH:0
end_of_record
TN:
SF:src/components/ui/Untitled-1.tsx
FN:7,(anonymous_0)
FN:8,(anonymous_1)
FN:23,(anonymous_2)
FN:38,(anonymous_3)
FNF:4
FNH:0
FNDA:0,(anonymous_0)
FNDA:0,(anonymous_1)
FNDA:0,(anonymous_2)
FNDA:0,(anonymous_3)
DA:7,0
DA:8,0
DA:9,0
DA:19,0
DA:20,0
DA:23,0
DA:24,0
DA:34,0
DA:35,0
DA:38,0
DA:39,0
DA:49,0
DA:50,0
DA:51,0
LF:14
LH:0
BRF:0
BRH:0
end_of_record
TN:
SF:src/components/ui/accordion.tsx
FN:12,(anonymous_0)
FN:24,(anonymous_1)
FN:44,(anonymous_2)
FNF:3
FNH:3
FNDA:4,(anonymous_0)
FNDA:4,(anonymous_1)
FNDA:4,(anonymous_2)
DA:7,1
DA:9,1
DA:13,4
DA:19,1
DA:21,1
DA:25,4
DA:39,1
DA:41,1
DA:45,4
DA:54,1
LF:10
LH:10
BRF:0
BRH:0
end_of_record
TN:
SF:src/components/ui/alert-dialog.tsx
FN:16,(anonymous_0)
FN:31,(anonymous_1)
FN:46,(anonymous_2)
FN:60,(anonymous_3)
FN:77,(anonymous_4)
FN:89,(anonymous_5)
FN:102,(anonymous_6)
FN:114,(anonymous_7)
FNF:8
FNH:0
FNDA:0,(anonymous_0)
FNDA:0,(anonymous_1)
FNDA:0,(anonymous_2)
FNDA:0,(anonymous_3)
FNDA:0,(anonymous_4)
FNDA:0,(anonymous_5)
FNDA:0,(anonymous_6)
FNDA:0,(anonymous_7)
DA:7,0
DA:9,0
DA:11,0
DA:13,0
DA:17,0
DA:26,0
DA:28,0
DA:32,0
DA:44,0
DA:46,0
DA:50,0
DA:58,0
DA:60,0
DA:64,0
DA:72,0
DA:74,0
DA:78,0
DA:84,0
DA:86,0
DA:90,0
DA:96,0
DA:99,0
DA:103,0
DA:109,0
DA:111,0
DA:115,0
DA:125,0
LF:27
LH:0
BRF:0
BRH:0
end_of_record
TN:
SF:src/components/ui/alert.tsx
FN:25,(anonymous_0)
FN:38,(anonymous_1)
FN:52,(anonymous_2)
FNF:3
FNH:1
FNDA:1,(anonymous_0)
FNDA:0,(anonymous_1)
FNDA:0,(anonymous_2)
DA:6,1
DA:22,1
DA:26,1
DA:33,1
DA:35,1
DA:39,0
DA:47,1
DA:49,1
DA:53,0
DA:59,1
LF:10
LH:8
BRF:0
BRH:0
end_of_record
TN:
SF:src/components/ui/aspect-ratio.tsx
FNF:0
FNH:0
DA:3,1
LF:1
LH:1
BRF:0
BRH:0
end_of_record
TN:
SF:src/components/ui/avatar.tsx
FN:9,(anonymous_0)
FN:24,(anonymous_1)
FN:36,(anonymous_2)
FNF:3
FNH:3
FNDA:2,(anonymous_0)
FNDA:1,(anonymous_1)
FNDA:2,(anonymous_2)
DA:6,1
DA:10,2
DA:19,1
DA:21,1
DA:25,1
DA:31,1
DA:33,1
DA:37,2
DA:46,1
LF:9
LH:9
BRF:0
BRH:0
end_of_record
TN:
SF:src/components/ui/badge.tsx
FN:30,Badge
FNF:1
FNH:1
FNDA:2,Badge
DA:6,1
DA:31,2
LF:2
LH:2
BRF:0
BRH:0
end_of_record
TN:
SF:src/components/ui/breadcrumb.tsx
FN:12,(anonymous_0)
FN:18,(anonymous_1)
FN:33,(anonymous_2)
FN:47,(anonymous_3)
FN:63,(anonymous_4)
FN:73,(anonymous_5)
FN:88,(anonymous_6)
FNF:7
FNH:3
FNDA:1,(anonymous_0)
FNDA:0,(anonymous_1)
FNDA:2,(anonymous_2)
FNDA:2,(anonymous_3)
FNDA:0,(anonymous_4)
FNDA:0,(anonymous_5)
FNDA:0,(anonymous_6)
DA:7,1
DA:12,1
DA:13,1
DA:15,1
DA:19,0
DA:28,1
DA:30,1
DA:34,2
DA:40,1
DA:42,1
DA:48,2
DA:50,2
DA:58,1
DA:60,1
DA:64,0
DA:71,1
DA:73,1
DA:78,0
DA:86,1
DA:88,1
DA:92,0
DA:100,1
LF:22
LH:18
BRDA:48,0,0,0
BRDA:48,0,1,2
BRDA:83,1,0,0
BRDA:83,1,1,0
BRF:4
BRH:1
end_of_record
TN:
SF:src/components/ui/button.tsx
FN:43,(anonymous_0)
FNF:1
FNH:1
FNDA:192,(anonymous_0)
DA:7,9
DA:42,9
DA:44,192
DA:45,192
DA:54,9
LF:5
LH:5
BRDA:43,0,0,192
BRDA:44,1,0,0
BRDA:44,1,1,192
BRF:3
BRH:2
end_of_record
TN:
SF:src/components/ui/calendar.tsx
FN:10,(anonymous_0)
FN:14,(anonymous_1)
FN:18,Calendar
FNF:3
FNH:3
FNDA:2,(anonymous_0)
FNDA:2,(anonymous_1)
FNDA:1,Calendar
DA:10,1
DA:11,2
DA:14,1
DA:15,2
DA:24,1
DA:71,1
LF:6
LH:6
BRDA:21,0,0,1
BRF:1
BRH:1
end_of_record
TN:
SF:src/components/ui/card.tsx
FN:8,(anonymous_0)
FN:23,(anonymous_1)
FN:35,(anonymous_2)
FN:52,(anonymous_3)
FN:64,(anonymous_4)
FN:72,(anonymous_5)
FNF:6
FNH:1
FNDA:175,(anonymous_0)
FNDA:0,(anonymous_1)
FNDA:0,(anonymous_2)
FNDA:0,(anonymous_3)
FNDA:0,(anonymous_4)
FNDA:0,(anonymous_5)
DA:5,7
DA:9,175
DA:18,7
DA:20,7
DA:24,0
DA:30,7
DA:32,7
DA:36,0
DA:47,7
DA:49,7
DA:53,0
DA:59,7
DA:61,7
DA:65,0
DA:67,7
DA:69,7
DA:73,0
DA:79,7
LF:18
LH:13
BRF:0
BRH:0
end_of_record
TN:
SF:src/components/ui/checkbox.tsx
FN:10,(anonymous_0)
FNF:1
FNH:1
FNDA:14,(anonymous_0)
DA:7,2
DA:11,14
DA:26,2
LF:3
LH:3
BRF:0
BRH:0
end_of_record
TN:
SF:src/components/ui/collapsible.tsx
FNF:0
FNH:0
DA:3,0
DA:5,0
DA:7,0
LF:3
LH:0
BRF:0
BRH:0
end_of_record
TN:
SF:src/components/ui/context-menu.tsx
FN:24,(anonymous_0)
FN:43,(anonymous_1)
FN:58,(anonymous_2)
FN:77,(anonymous_3)
FN:93,(anonymous_4)
FN:117,(anonymous_5)
FN:141,(anonymous_6)
FN:157,(anonymous_7)
FN:166,(anonymous_8)
FNF:9
FNH:2
FNDA:0,(anonymous_0)
FNDA:0,(anonymous_1)
FNDA:1,(anonymous_2)
FNDA:1,(anonymous_3)
FNDA:0,(anonymous_4)
FNDA:0,(anonymous_5)
FNDA:0,(anonymous_6)
FNDA:0,(anonymous_7)
FNDA:0,(anonymous_8)
DA:7,1
DA:9,1
DA:11,1
DA:13,1
DA:15,1
DA:17,1
DA:19,1
DA:25,0
DA:38,1
DA:40,1
DA:44,0
DA:53,1
DA:55,1
DA:59,1
DA:70,1
DA:72,1
DA:78,1
DA:88,1
DA:90,1
DA:94,0
DA:111,1
DA:114,1
DA:118,0
DA:134,1
DA:136,1
DA:142,0
DA:152,1
DA:154,1
DA:158,0
DA:164,1
DA:166,1
DA:170,0
DA:180,1
LF:33
LH:26
BRDA:29,0,0,0
BRDA:29,0,1,0
BRDA:82,1,0,1
BRDA:82,1,1,0
BRDA:146,2,0,0
BRDA:146,2,1,0
BRF:6
BRH:1
end_of_record
TN:
SF:src/components/ui/dialog.tsx
FN:18,(anonymous_0)
FN:33,(anonymous_1)
FN:54,(anonymous_2)
FN:68,(anonymous_3)
FN:85,(anonymous_4)
FN:100,(anonymous_5)
FNF:6
FNH:6
FNDA:5,(anonymous_0)
FNDA:2,(anonymous_1)
FNDA:2,(anonymous_2)
FNDA:2,(anonymous_3)
FNDA:2,(anonymous_4)
FNDA:2,(anonymous_5)
DA:7,1
DA:9,1
DA:11,1
DA:13,1
DA:15,1
DA:19,5
DA:28,1
DA:30,1
DA:34,2
DA:52,1
DA:54,1
DA:58,2
DA:66,1
DA:68,1
DA:72,2
DA:80,1
DA:82,1
DA:86,2
DA:95,1
DA:97,1
DA:101,2
DA:107,1
LF:22
LH:22
BRF:0
BRH:0
end_of_record
TN:
SF:src/components/ui/drawer.tsx
FN:6,(anonymous_0)
FN:26,(anonymous_1)
FN:38,(anonymous_2)
FN:56,(anonymous_3)
FN:67,(anonymous_4)
FN:81,(anonymous_5)
FN:96,(anonymous_6)
FNF:7
FNH:0
FNDA:0,(anonymous_0)
FNDA:0,(anonymous_1)
FNDA:0,(anonymous_2)
FNDA:0,(anonymous_3)
FNDA:0,(anonymous_4)
FNDA:0,(anonymous_5)
FNDA:0,(anonymous_6)
DA:6,0
DA:10,0
DA:15,0
DA:17,0
DA:19,0
DA:21,0
DA:23,0
DA:27,0
DA:33,0
DA:35,0
DA:39,0
DA:54,0
DA:56,0
DA:60,0
DA:65,0
DA:67,0
DA:71,0
DA:76,0
DA:78,0
DA:82,0
DA:91,0
DA:93,0
DA:97,0
DA:103,0
LF:24
LH:0
BRDA:7,0,0,0
BRF:1
BRH:0
end_of_record
TN:
SF:src/components/ui/dropdown-menu.tsx
FN:24,(anonymous_0)
FN:44,(anonymous_1)
FN:60,(anonymous_2)
FN:80,(anonymous_3)
FN:96,(anonymous_4)
FN:120,(anonymous_5)
FN:144,(anonymous_6)
FN:160,(anonymous_7)
FN:169,(anonymous_8)
FNF:9
FNH:2
FNDA:0,(anonymous_0)
FNDA:0,(anonymous_1)
FNDA:2,(anonymous_2)
FNDA:3,(anonymous_3)
FNDA:0,(anonymous_4)
FNDA:0,(anonymous_5)
FNDA:0,(anonymous_6)
FNDA:0,(anonymous_7)
FNDA:0,(anonymous_8)
DA:7,2
DA:9,2
DA:11,2
DA:13,2
DA:15,2
DA:17,2
DA:19,2
DA:25,0
DA:38,2
DA:41,2
DA:45,0
DA:54,2
DA:57,2
DA:61,2
DA:73,2
DA:75,2
DA:81,3
DA:91,2
DA:93,2
DA:97,0
DA:114,2
DA:117,2
DA:121,0
DA:137,2
DA:139,2
DA:145,0
DA:155,2
DA:157,2
DA:161,0
DA:167,2
DA:169,2
DA:173,0
DA:180,2
LF:33
LH:26
BRDA:29,0,0,0
BRDA:29,0,1,0
BRDA:60,1,0,2
BRDA:85,2,0,3
BRDA:85,2,1,0
BRDA:149,3,0,0
BRDA:149,3,1,0
BRF:7
BRH:2
end_of_record
TN:
SF:src/components/ui/hover-card.tsx
FN:13,(anonymous_0)
FNF:1
FNH:1
FNDA:1,(anonymous_0)
DA:6,1
DA:8,1
DA:10,1
DA:14,1
DA:25,1
LF:5
LH:5
BRDA:13,0,0,1
BRDA:13,1,0,1
BRF:2
BRH:2
end_of_record
TN:
SF:src/components/ui/input.tsx
FN:6,(anonymous_0)
FNF:1
FNH:1
FNDA:73,(anonymous_0)
DA:5,3
DA:7,73
DA:20,3
LF:3
LH:3
BRF:0
BRH:0
end_of_record
TN:
SF:src/components/ui/label.tsx
FN:15,(anonymous_0)
FNF:1
FNH:1
FNDA:81,(anonymous_0)
DA:7,3
DA:11,3
DA:16,81
DA:22,3
LF:4
LH:4
BRF:0
BRH:0
end_of_record
TN:
SF:src/components/ui/logo.tsx
FN:8,(anonymous_0)
FNF:1
FNH:1
FNDA:69,(anonymous_0)
DA:8,6
DA:9,69
DA:15,69
LF:3
LH:3
BRDA:8,0,0,45
BRF:1
BRH:1
end_of_record
TN:
SF:src/components/ui/menubar.tsx
FN:20,(anonymous_0)
FN:35,(anonymous_1)
FN:52,(anonymous_2)
FN:71,(anonymous_3)
FN:87,(anonymous_4)
FN:113,(anonymous_5)
FN:129,(anonymous_6)
FN:152,(anonymous_7)
FN:176,(anonymous_8)
FN:192,(anonymous_9)
FN:201,(anonymous_10)
FNF:11
FNH:4
FNDA:1,(anonymous_0)
FNDA:1,(anonymous_1)
FNDA:0,(anonymous_2)
FNDA:0,(anonymous_3)
FNDA:1,(anonymous_4)
FNDA:1,(anonymous_5)
FNDA:0,(anonymous_6)
FNDA:0,(anonymous_7)
FNDA:0,(anonymous_8)
FNDA:0,(anonymous_9)
FNDA:0,(anonymous_10)
DA:7,1
DA:9,1
DA:11,1
DA:13,1
DA:15,1
DA:17,1
DA:21,1
DA:30,1
DA:32,1
DA:36,1
DA:45,1
DA:47,1
DA:53,0
DA:66,1
DA:68,1
DA:72,0
DA:81,1
DA:83,1
DA:91,1
DA:106,1
DA:108,1
DA:114,1
DA:124,1
DA:126,1
DA:130,0
DA:147,1
DA:149,1
DA:153,0
DA:169,1
DA:171,1
DA:177,0
DA:187,1
DA:189,1
DA:193,0
DA:199,1
DA:201,1
DA:205,0
DA:215,1
LF:38
LH:31
BRDA:57,0,0,0
BRDA:57,0,1,0
BRDA:88,1,0,1
BRDA:88,2,0,1
BRDA:88,3,0,1
BRDA:118,4,0,1
BRDA:118,4,1,0
BRDA:181,5,0,0
BRDA:181,5,1,0
BRF:9
BRH:4
end_of_record
TN:
SF:src/components/ui/metric-card.tsx
FN:17,(anonymous_0)
FNF:1
FNH:1
FNDA:29,(anonymous_0)
DA:17,2
DA:25,29
LF:2
LH:2
BRDA:35,0,0,29
BRDA:35,0,1,1
BRDA:39,1,0,29
BRDA:39,1,1,1
BRDA:42,2,0,1
BRDA:42,2,1,0
BRDA:44,3,0,1
BRDA:44,3,1,0
BRF:8
BRH:6
end_of_record
TN:
SF:src/components/ui/navigation-menu.tsx
FN:11,(anonymous_0)
FN:29,(anonymous_1)
FN:50,(anonymous_2)
FN:68,(anonymous_3)
FN:85,(anonymous_4)
FN:103,(anonymous_5)
FNF:6
FNH:3
FNDA:1,(anonymous_0)
FNDA:1,(anonymous_1)
FNDA:0,(anonymous_2)
FNDA:0,(anonymous_3)
FNDA:1,(anonymous_4)
FNDA:0,(anonymous_5)
DA:8,1
DA:12,1
DA:24,1
DA:26,1
DA:30,1
DA:39,1
DA:41,1
DA:43,1
DA:47,1
DA:51,0
DA:63,1
DA:65,1
DA:69,0
DA:78,1
DA:80,1
DA:82,1
DA:86,1
DA:97,1
DA:100,1
DA:104,0
DA:115,1
LF:21
LH:18
BRF:0
BRH:0
end_of_record
TN:
SF:src/components/ui/pagination.tsx
FN:7,(anonymous_0)
FN:20,(anonymous_1)
FN:32,(anonymous_2)
FN:42,(anonymous_3)
FN:62,(anonymous_4)
FN:78,(anonymous_5)
FN:94,(anonymous_6)
FNF:7
FNH:3
FNDA:1,(anonymous_0)
FNDA:0,(anonymous_1)
FNDA:1,(anonymous_2)
FNDA:1,(anonymous_3)
FNDA:0,(anonymous_4)
FNDA:0,(anonymous_5)
FNDA:0,(anonymous_6)
DA:7,1
DA:8,1
DA:15,1
DA:17,1
DA:21,0
DA:27,1
DA:29,1
DA:33,1
DA:35,1
DA:42,1
DA:48,1
DA:60,1
DA:62,1
DA:66,0
DA:76,1
DA:78,1
DA:82,0
DA:92,1
DA:94,1
DA:98,0
DA:107,1
LF:21
LH:17
BRDA:45,0,0,1
BRDA:49,1,0,0
BRDA:49,1,1,1
BRDA:52,2,0,0
BRDA:52,2,1,1
BRF:5
BRH:3
end_of_record
TN:
SF:src/components/ui/popover.tsx
FN:13,(anonymous_0)
FNF:1
FNH:1
FNDA:1,(anonymous_0)
DA:6,1
DA:8,1
DA:10,1
DA:14,1
DA:27,1
LF:5
LH:5
BRDA:13,0,0,1
BRDA:13,1,0,1
BRF:2
BRH:2
end_of_record
TN:
SF:src/components/ui/progress.tsx
FN:9,(anonymous_0)
FNF:1
FNH:1
FNDA:2,(anonymous_0)
DA:6,1
DA:10,2
DA:24,1
LF:3
LH:3
BRDA:20,0,0,2
BRDA:20,0,1,1
BRF:2
BRH:2
end_of_record
TN:
SF:src/components/ui/radio-group.tsx
FN:10,(anonymous_0)
FN:24,(anonymous_1)
FNF:2
FNH:2
FNDA:1,(anonymous_0)
FNDA:1,(anonymous_1)
DA:7,1
DA:11,1
DA:19,1
DA:21,1
DA:25,1
DA:40,1
LF:6
LH:6
BRF:0
BRH:0
end_of_record
TN:
SF:src/components/ui/resizable.tsx
FN:6,(anonymous_0)
FN:21,(anonymous_1)
FNF:2
FNH:2
FNDA:2,(anonymous_0)
FNDA:2,(anonymous_1)
DA:6,1
DA:10,2
DA:19,1
DA:21,1
DA:28,2
LF:5
LH:5
BRDA:35,0,0,2
BRDA:35,0,1,1
BRF:2
BRH:2
end_of_record
TN:
SF:src/components/ui/scroll-area.tsx
FN:9,(anonymous_0)
FN:27,(anonymous_1)
FNF:2
FNH:2
FNDA:1,(anonymous_0)
FNDA:1,(anonymous_1)
DA:6,1
DA:10,1
DA:22,1
DA:24,1
DA:28,1
DA:44,1
LF:6
LH:6
BRDA:27,0,0,1
BRDA:33,1,0,1
BRDA:33,1,1,1
BRDA:35,2,0,1
BRDA:35,2,1,0
BRF:5
BRH:4
end_of_record
TN:
SF:src/components/ui/select.tsx
FN:16,(anonymous_0)
FN:36,(anonymous_1)
FN:53,(anonymous_2)
FN:71,(anonymous_3)
FN:103,(anonymous_4)
FN:115,(anonymous_5)
FN:138,(anonymous_6)
FNF:7
FNH:5
FNDA:20,(anonymous_0)
FNDA:21,(anonymous_1)
FNDA:21,(anonymous_2)
FNDA:20,(anonymous_3)
FNDA:0,(anonymous_4)
FNDA:141,(anonymous_5)
FNDA:0,(anonymous_6)
DA:7,2
DA:9,2
DA:11,2
DA:13,2
DA:17,20
DA:31,2
DA:33,2
DA:37,21
DA:48,2
DA:50,2
DA:54,21
DA:65,2
DA:68,2
DA:72,20
DA:98,2
DA:100,2
DA:104,0
DA:110,2
DA:112,2
DA:116,141
DA:133,2
DA:135,2
DA:139,0
DA:145,2
LF:24
LH:22
BRDA:71,0,0,20
BRDA:77,1,0,20
BRDA:77,1,1,20
BRDA:88,2,0,20
BRDA:88,2,1,20
BRF:5
BRH:5
end_of_record
TN:
SF:src/components/ui/separator.tsx
FN:10,(anonymous_0)
FNF:1
FNH:0
FNDA:0,(anonymous_0)
DA:6,0
DA:14,0
DA:27,0
LF:3
LH:0
BRDA:11,0,0,0
BRDA:11,1,0,0
BRDA:20,2,0,0
BRDA:20,2,1,0
BRF:4
BRH:0
end_of_record
TN:
SF:src/components/ui/sheet.tsx
FN:19,(anonymous_0)
FN:57,(anonymous_1)
FN:75,(anonymous_2)
FN:89,(anonymous_3)
FN:106,(anonymous_4)
FN:118,(anonymous_5)
FNF:6
FNH:0
FNDA:0,(anonymous_0)
FNDA:0,(anonymous_1)
FNDA:0,(anonymous_2)
FNDA:0,(anonymous_3)
FNDA:0,(anonymous_4)
FNDA:0,(anonymous_5)
DA:8,0
DA:10,0
DA:12,0
DA:14,0
DA:16,0
DA:20,0
DA:29,0
DA:31,0
DA:54,0
DA:58,0
DA:73,0
DA:75,0
DA:79,0
DA:87,0
DA:89,0
DA:93,0
DA:101,0
DA:103,0
DA:107,0
DA:113,0
DA:115,0
DA:119,0
DA:125,0
LF:23
LH:0
BRDA:57,0,0,0
BRF:1
BRH:0
end_of_record
TN:
SF:src/components/ui/sidebar.tsx
FN:39,useSidebar
FN:56,(anonymous_1)
FN:76,(anonymous_2)
FN:91,(anonymous_3)
FN:93,(anonymous_4)
FN:94,(anonymous_5)
FN:98,(anonymous_6)
FN:99,(anonymous_7)
FN:110,(anonymous_8)
FN:118,(anonymous_9)
FN:165,(anonymous_10)
FN:263,(anonymous_11)
FN:273,(anonymous_12)
FN:289,(anonymous_13)
FN:318,(anonymous_14)
FN:336,(anonymous_15)
FN:354,(anonymous_16)
FN:369,(anonymous_17)
FN:384,(anonymous_18)
FN:399,(anonymous_19)
FN:417,(anonymous_20)
FN:432,(anonymous_21)
FN:453,(anonymous_22)
FN:476,(anonymous_23)
FN:489,(anonymous_24)
FN:502,(anonymous_25)
FN:542,(anonymous_26)
FN:599,(anonymous_27)
FN:627,(anonymous_28)
FN:650,(anonymous_29)
FN:652,(anonymous_30)
FN:686,(anonymous_31)
FN:703,(anonymous_32)
FN:713,(anonymous_33)
FNF:34
FNH:0
FNDA:0,useSidebar
FNDA:0,(anonymous_1)
FNDA:0,(anonymous_2)
FNDA:0,(anonymous_3)
FNDA:0,(anonymous_4)
FNDA:0,(anonymous_5)
FNDA:0,(anonymous_6)
FNDA:0,(anonymous_7)
FNDA:0,(anonymous_8)
FNDA:0,(anonymous_9)
FNDA:0,(anonymous_10)
FNDA:0,(anonymous_11)
FNDA:0,(anonymous_12)
FNDA:0,(anonymous_13)
FNDA:0,(anonymous_14)
FNDA:0,(anonymous_15)
FNDA:0,(anonymous_16)
FNDA:0,(anonymous_17)
FNDA:0,(anonymous_18)
FNDA:0,(anonymous_19)
FNDA:0,(anonymous_20)
FNDA:0,(anonymous_21)
FNDA:0,(anonymous_22)
FNDA:0,(anonymous_23)
FNDA:0,(anonymous_24)
FNDA:0,(anonymous_25)
FNDA:0,(anonymous_26)
FNDA:0,(anonymous_27)
FNDA:0,(anonymous_28)
FNDA:0,(anonymous_29)
FNDA:0,(anonymous_30)
FNDA:0,(anonymous_31)
FNDA:0,(anonymous_32)
FNDA:0,(anonymous_33)
DA:20,0
DA:21,0
DA:22,0
DA:23,0
DA:24,0
DA:25,0
DA:37,0
DA:40,0
DA:41,0
DA:42,0
DA:45,0
DA:48,0
DA:68,0
DA:69,0
DA:73,0
DA:74,0
DA:75,0
DA:77,0
DA:78,0
DA:79,0
DA:81,0
DA:85,0
DA:91,0
DA:92,0
DA:93,0
DA:94,0
DA:98,0
DA:99,0
DA:100,0
DA:104,0
DA:105,0
DA:109,0
DA:110,0
DA:115,0
DA:117,0
DA:118,0
DA:130,0
DA:155,0
DA:157,0
DA:176,0
DA:178,0
DA:179,0
DA:193,0
DA:194,0
DA:213,0
DA:258,0
DA:260,0
DA:264,0
DA:266,0
DA:274,0
DA:275,0
DA:284,0
DA:286,0
DA:290,0
DA:292,0
DA:313,0
DA:315,0
DA:319,0
DA:331,0
DA:333,0
DA:337,0
DA:349,0
DA:351,0
DA:355,0
DA:364,0
DA:366,0
DA:370,0
DA:379,0
DA:381,0
DA:385,0
DA:394,0
DA:396,0
DA:400,0
DA:412,0
DA:414,0
DA:418,0
DA:427,0
DA:429,0
DA:433,0
DA:435,0
DA:448,0
DA:450,0
DA:454,0
DA:456,0
DA:471,0
DA:473,0
DA:477,0
DA:484,0
DA:486,0
DA:490,0
DA:497,0
DA:499,0
DA:503,0
DA:510,0
DA:512,0
DA:534,0
DA:554,0
DA:555,0
DA:558,0
DA:568,0
DA:569,0
DA:572,0
DA:573,0
DA:578,0
DA:591,0
DA:593,0
DA:600,0
DA:602,0
DA:622,0
DA:624,0
DA:628,0
DA:643,0
DA:645,0
DA:652,0
DA:653,0
DA:656,0
DA:681,0
DA:683,0
DA:687,0
DA:698,0
DA:700,0
DA:703,0
DA:704,0
DA:706,0
DA:714,0
DA:716,0
DA:734,0
LF:127
LH:0
BRDA:41,0,0,0
BRDA:41,0,1,0
BRDA:58,1,0,0
BRDA:74,2,0,0
BRDA:74,2,1,0
BRDA:77,3,0,0
BRDA:77,3,1,0
BRDA:78,4,0,0
BRDA:78,4,1,0
BRDA:92,5,0,0
BRDA:92,5,1,0
BRDA:100,6,0,0
BRDA:100,6,1,0
BRDA:101,7,0,0
BRDA:101,7,1,0
BRDA:101,7,2,0
BRDA:115,8,0,0
BRDA:115,8,1,0
BRDA:167,9,0,0
BRDA:168,10,0,0
BRDA:169,11,0,0
BRDA:178,12,0,0
BRDA:178,12,1,0
BRDA:193,13,0,0
BRDA:193,13,1,0
BRDA:218,14,0,0
BRDA:218,14,1,0
BRDA:228,15,0,0
BRDA:228,15,1,0
BRDA:228,16,0,0
BRDA:228,16,1,0
BRDA:236,17,0,0
BRDA:236,17,1,0
BRDA:240,18,0,0
BRDA:240,18,1,0
BRDA:240,19,0,0
BRDA:240,19,1,0
BRDA:432,20,0,0
BRDA:433,21,0,0
BRDA:433,21,1,0
BRDA:453,22,0,0
BRDA:454,23,0,0
BRDA:454,23,1,0
BRDA:544,24,0,0
BRDA:545,25,0,0
BRDA:546,26,0,0
BRDA:547,27,0,0
BRDA:554,28,0,0
BRDA:554,28,1,0
BRDA:568,29,0,0
BRDA:568,29,1,0
BRDA:572,30,0,0
BRDA:572,30,1,0
BRDA:584,31,0,0
BRDA:584,31,1,0
BRDA:599,32,0,0
BRDA:599,33,0,0
BRDA:600,34,0,0
BRDA:600,34,1,0
BRDA:614,35,0,0
BRDA:614,35,1,0
BRDA:650,36,0,0
BRDA:663,37,0,0
BRDA:663,37,1,0
BRDA:713,38,0,0
BRDA:713,39,0,0
BRDA:714,40,0,0
BRDA:714,40,1,0
BRDA:725,41,0,0
BRDA:725,41,1,0
BRDA:726,42,0,0
BRDA:726,42,1,0
BRF:72
BRH:0
end_of_record
TN:
SF:src/components/ui/skeleton.tsx
FN:3,Skeleton
FNF:1
FNH:0
FNDA:0,Skeleton
DA:7,0
LF:1
LH:0
BRF:0
BRH:0
end_of_record
TN:
SF:src/components/ui/slider.tsx
FN:9,(anonymous_0)
FNF:1
FNH:0
FNDA:0,(anonymous_0)
DA:6,0
DA:10,0
DA:24,0
LF:3
LH:0
BRF:0
BRH:0
end_of_record
TN:
SF:src/components/ui/sonner.tsx
FN:6,(anonymous_0)
FNF:1
FNH:0
FNDA:0,(anonymous_0)
DA:6,0
DA:7,0
DA:9,0
LF:3
LH:0
BRDA:7,0,0,0
BRF:1
BRH:0
end_of_record
TN:
SF:src/components/ui/switch.tsx
FN:9,(anonymous_0)
FNF:1
FNH:0
FNDA:0,(anonymous_0)
DA:6,0
DA:10,0
DA:25,0
LF:3
LH:0
BRF:0
BRH:0
end_of_record
TN:
SF:src/components/ui/table.tsx
FN:12,(anonymous_0)
FN:26,(anonymous_1)
FN:34,(anonymous_2)
FN:46,(anonymous_3)
FN:61,(anonymous_4)
FN:76,(anonymous_5)
FN:91,(anonymous_6)
FN:103,(anonymous_7)
FNF:8
FNH:7
FNDA:10,(anonymous_0)
FNDA:10,(anonymous_1)
FNDA:10,(anonymous_2)
FNDA:0,(anonymous_3)
FNDA:20,(anonymous_4)
FNDA:64,(anonymous_5)
FNDA:64,(anonymous_6)
FNDA:1,(anonymous_7)
DA:9,2
DA:13,10
DA:21,2
DA:23,2
DA:27,10
DA:29,2
DA:31,2
DA:35,10
DA:41,2
DA:43,2
DA:47,0
DA:56,2
DA:58,2
DA:62,20
DA:71,2
DA:73,2
DA:77,64
DA:86,2
DA:88,2
DA:92,64
DA:98,2
DA:100,2
DA:104,1
DA:110,2
LF:24
LH:23
BRF:0
BRH:0
end_of_record
TN:
SF:src/components/ui/tabs.tsx
FN:11,(anonymous_0)
FN:26,(anonymous_1)
FN:41,(anonymous_2)
FNF:3
FNH:0
FNDA:0,(anonymous_0)
FNDA:0,(anonymous_1)
FNDA:0,(anonymous_2)
DA:6,0
DA:8,0
DA:12,0
DA:21,0
DA:23,0
DA:27,0
DA:36,0
DA:38,0
DA:42,0
DA:51,0
LF:10
LH:0
BRF:0
BRH:0
end_of_record
TN:
SF:src/components/ui/textarea.tsx
FN:9,(anonymous_0)
FNF:1
FNH:1
FNDA:16,(anonymous_0)
DA:8,1
DA:10,16
DA:22,1
LF:3
LH:3
BRF:0
BRH:0
end_of_record
TN:
SF:src/components/ui/toast.tsx
FN:13,(anonymous_0)
FN:45,(anonymous_1)
FN:59,(anonymous_2)
FN:74,(anonymous_3)
FN:92,(anonymous_4)
FN:104,(anonymous_5)
FNF:6
FNH:0
FNDA:0,(anonymous_0)
FNDA:0,(anonymous_1)
FNDA:0,(anonymous_2)
FNDA:0,(anonymous_3)
FNDA:0,(anonymous_4)
FNDA:0,(anonymous_5)
DA:8,0
DA:10,0
DA:14,0
DA:23,0
DA:25,0
DA:41,0
DA:46,0
DA:54,0
DA:56,0
DA:60,0
DA:69,0
DA:71,0
DA:75,0
DA:87,0
DA:89,0
DA:93,0
DA:99,0
DA:101,0
DA:105,0
DA:111,0
LF:20
LH:0
BRF:0
BRH:0
end_of_record
TN:
SF:src/components/ui/toaster.tsx
FN:11,Toaster
FN:16,(anonymous_1)
FNF:2
FNH:0
FNDA:0,Toaster
FNDA:0,(anonymous_1)
DA:12,0
DA:14,0
DA:17,0
LF:3
LH:0
BRDA:20,0,0,0
BRDA:20,0,1,0
BRDA:21,1,0,0
BRDA:21,1,1,0
BRF:4
BRH:0
end_of_record
TN:
SF:src/components/ui/toggle.tsx
FN:33,(anonymous_0)
FNF:1
FNH:0
FNDA:0,(anonymous_0)
DA:7,0
DA:29,0
DA:34,0
DA:41,0
LF:4
LH:0
BRF:0
BRH:0
end_of_record
TN:
SF:src/components/ui/tooltip.tsx
FN:15,(anonymous_0)
FNF:1
FNH:0
FNDA:0,(anonymous_0)
DA:6,0
DA:8,0
DA:10,0
DA:12,0
DA:16,0
DA:26,0
LF:6
LH:0
BRDA:15,0,0,0
BRF:1
BRH:0
end_of_record
TN:
SF:src/components/ui/use-toast.ts
FNF:0
FNH:0
LF:0
LH:0
BRF:0
BRH:0
end_of_record
TN:
SF:src/hooks/use-mobile.tsx
FN:5,useIsMobile
FN:8,(anonymous_1)
FN:10,(anonymous_2)
FN:15,(anonymous_3)
FNF:4
FNH:0
FNDA:0,useIsMobile
FNDA:0,(anonymous_1)
FNDA:0,(anonymous_2)
FNDA:0,(anonymous_3)
DA:3,0
DA:6,0
DA:8,0
DA:9,0
DA:10,0
DA:11,0
DA:13,0
DA:14,0
DA:15,0
DA:18,0
LF:10
LH:0
BRF:0
BRH:0
end_of_record
TN:
SF:src/hooks/use-toast.ts
FN:27,genId
FN:58,(anonymous_1)
FN:63,(anonymous_2)
FN:74,(anonymous_3)
FN:85,(anonymous_4)
FN:98,(anonymous_5)
FN:105,(anonymous_6)
FN:124,(anonymous_7)
FN:133,dispatch
FN:135,(anonymous_9)
FN:142,toast
FN:145,(anonymous_11)
FN:150,(anonymous_12)
FN:158,(anonymous_13)
FN:171,useToast
FN:174,(anonymous_15)
FN:176,(anonymous_16)
FN:187,(anonymous_17)
FNF:18
FNH:0
FNDA:0,genId
FNDA:0,(anonymous_1)
FNDA:0,(anonymous_2)
FNDA:0,(anonymous_3)
FNDA:0,(anonymous_4)
FNDA:0,(anonymous_5)
FNDA:0,(anonymous_6)
FNDA:0,(anonymous_7)
FNDA:0,dispatch
FNDA:0,(anonymous_9)
FNDA:0,toast
FNDA:0,(anonymous_11)
FNDA:0,(anonymous_12)
FNDA:0,(anonymous_13)
FNDA:0,useToast
FNDA:0,(anonymous_15)
FNDA:0,(anonymous_16)
FNDA:0,(anonymous_17)
DA:8,0
DA:9,0
DA:18,0
DA:25,0
DA:28,0
DA:29,0
DA:56,0
DA:58,0
DA:59,0
DA:60,0
DA:63,0
DA:64,0
DA:65,0
DA:71,0
DA:74,0
DA:75,0
DA:77,0
DA:83,0
DA:86,0
DA:91,0
DA:95,0
DA:96,0
DA:98,0
DA:99,0
DA:103,0
DA:106,0
DA:116,0
DA:117,0
DA:122,0
DA:124,0
DA:129,0
DA:131,0
DA:134,0
DA:135,0
DA:136,0
DA:143,0
DA:145,0
DA:146,0
DA:150,0
DA:152,0
DA:159,0
DA:164,0
DA:172,0
DA:174,0
DA:175,0
DA:176,0
DA:177,0
DA:178,0
DA:179,0
DA:184,0
DA:187,0
LF:51
LH:0
BRDA:59,0,0,0
BRDA:59,0,1,0
BRDA:75,1,0,0
BRDA:75,1,1,0
BRDA:75,1,2,0
BRDA:75,1,3,0
BRDA:86,2,0,0
BRDA:86,2,1,0
BRDA:95,3,0,0
BRDA:95,3,1,0
BRDA:106,4,0,0
BRDA:106,4,1,0
BRDA:106,5,0,0
BRDA:106,5,1,0
BRDA:116,6,0,0
BRDA:116,6,1,0
BRDA:159,7,0,0
BRDA:159,7,1,0
BRDA:178,8,0,0
BRDA:178,8,1,0
BRF:20
BRH:0
end_of_record
TN:
SF:src/lib/utils.ts
FN:4,cn
FNF:1
FNH:1
FNDA:1168,cn
DA:5,1168
LF:1
LH:1
BRF:0
BRH:0
end_of_record
TN:
SF:src/pages/ActionConfirmation.tsx
FN:20,(anonymous_0)
FN:39,(anonymous_1)
FN:43,(anonymous_2)
FN:60,(anonymous_3)
FN:112,(anonymous_4)
FN:126,(anonymous_5)
FN:142,(anonymous_6)
FN:205,(anonymous_7)
FN:325,(anonymous_8)
FNF:9
FNH:6
FNDA:8,(anonymous_0)
FNDA:0,(anonymous_1)
FNDA:3,(anonymous_2)
FNDA:1,(anonymous_3)
FNDA:8,(anonymous_4)
FNDA:8,(anonymous_5)
FNDA:0,(anonymous_6)
FNDA:0,(anonymous_7)
FNDA:3,(anonymous_8)
DA:20,1
DA:21,8
DA:22,8
DA:23,8
DA:37,8
DA:39,8
DA:40,0
DA:43,8
DA:44,3
DA:45,3
DA:46,3
DA:47,3
DA:48,1
DA:49,1
DA:50,1
DA:51,1
DA:54,2
DA:55,2
DA:60,2
DA:62,2
DA:63,1
DA:64,1
DA:65,1
DA:68,1
DA:79,1
DA:80,1
DA:86,1
DA:87,1
DA:89,0
DA:90,0
DA:92,2
DA:96,8
DA:102,8
DA:112,8
DA:113,8
DA:114,0
DA:115,0
DA:116,0
DA:118,0
DA:122,8
DA:124,8
DA:126,8
DA:127,8
DA:133,8
DA:134,0
DA:142,0
DA:150,8
DA:206,0
DA:326,3
DA:327,3
LF:50
LH:40
BRDA:37,0,0,8
BRDA:37,0,1,0
BRDA:47,1,0,1
BRDA:47,1,1,2
BRDA:62,2,0,1
BRDA:62,2,1,1
BRDA:89,3,0,0
BRDA:89,3,1,0
BRDA:97,4,0,8
BRDA:97,4,1,8
BRDA:98,5,0,8
BRDA:98,5,1,0
BRDA:103,6,0,8
BRDA:103,6,1,0
BRDA:104,7,0,8
BRDA:104,7,1,8
BRDA:105,8,0,8
BRDA:105,8,1,0
BRDA:106,9,0,8
BRDA:106,9,1,8
BRDA:107,10,0,8
BRDA:107,10,1,8
BRDA:108,11,0,8
BRDA:108,11,1,8
BRDA:109,12,0,8
BRDA:109,12,1,8
BRDA:113,13,0,8
BRDA:113,13,1,0
BRDA:116,14,0,0
BRDA:116,14,1,0
BRDA:124,15,0,8
BRDA:124,15,1,8
BRDA:133,16,0,0
BRDA:133,16,1,8
BRDA:133,17,0,8
BRDA:133,17,1,8
BRDA:213,18,0,0
BRDA:213,18,1,0
BRDA:332,19,0,2
BRDA:332,19,1,6
BRF:40
BRH:28
end_of_record
TN:
SF:src/pages/ActionHistory.tsx
FN:24,(anonymous_0)
FN:45,(anonymous_1)
FN:46,(anonymous_2)
FN:71,(anonymous_3)
FN:116,(anonymous_4)
FN:120,(anonymous_5)
FN:158,(anonymous_6)
FN:237,(anonymous_7)
FN:247,(anonymous_8)
FN:300,(anonymous_9)
FN:315,(anonymous_10)
FNF:11
FNH:11
FNDA:16,(anonymous_0)
FNDA:7,(anonymous_1)
FNDA:6,(anonymous_2)
FNDA:1,(anonymous_3)
FNDA:1,(anonymous_4)
FNDA:1,(anonymous_5)
FNDA:16,(anonymous_6)
FNDA:16,(anonymous_7)
FNDA:2,(anonymous_8)
FNDA:128,(anonymous_9)
FNDA:1,(anonymous_10)
DA:24,1
DA:25,16
DA:26,16
DA:27,16
DA:28,16
DA:29,16
DA:30,16
DA:31,16
DA:32,16
DA:33,16
DA:43,16
DA:45,16
DA:46,7
DA:47,6
DA:48,6
DA:49,6
DA:50,6
DA:51,1
DA:52,1
DA:53,1
DA:56,5
DA:59,5
DA:60,1
DA:61,1
DA:62,1
DA:64,4
DA:65,4
DA:67,4
DA:70,4
DA:71,1
DA:73,4
DA:74,1
DA:84,4
DA:85,4
DA:86,4
DA:87,0
DA:89,4
DA:90,0
DA:92,4
DA:93,0
DA:95,4
DA:98,4
DA:101,0
DA:102,0
DA:104,6
DA:108,7
DA:109,6
DA:111,1
DA:112,1
DA:116,16
DA:117,1
DA:120,16
DA:121,1
DA:122,0
DA:123,0
DA:125,1
DA:126,0
DA:127,0
DA:130,1
DA:147,16
DA:158,16
DA:159,16
DA:165,16
DA:238,16
DA:239,7
DA:241,9
DA:242,2
DA:244,7
DA:245,5
DA:247,2
DA:248,2
DA:301,128
DA:315,1
LF:73
LH:64
BRDA:43,0,0,16
BRDA:43,0,1,0
BRDA:50,1,0,1
BRDA:50,1,1,5
BRDA:59,2,0,1
BRDA:59,2,1,4
BRDA:73,3,0,1
BRDA:73,3,1,3
BRDA:86,4,0,0
BRDA:86,4,1,4
BRDA:89,5,0,0
BRDA:89,5,1,4
BRDA:92,6,0,0
BRDA:92,6,1,4
BRDA:101,7,0,0
BRDA:101,7,1,0
BRDA:108,8,0,6
BRDA:108,8,1,1
BRDA:121,9,0,0
BRDA:121,9,1,1
BRDA:125,10,0,0
BRDA:125,10,1,1
BRDA:191,11,0,16
BRDA:191,11,1,10
BRDA:201,12,0,16
BRDA:201,12,1,15
BRDA:202,13,0,16
BRDA:202,13,1,15
BRDA:211,14,0,16
BRDA:211,14,1,10
BRDA:222,15,0,16
BRDA:222,15,1,15
BRDA:238,16,0,7
BRDA:238,16,1,9
BRDA:241,17,0,2
BRDA:241,17,1,7
BRDA:244,18,0,5
BRDA:244,18,1,2
BRDA:263,19,0,2
BRDA:263,19,1,1
BRDA:263,19,2,1
BRDA:275,20,0,2
BRDA:275,20,1,1
BRDA:334,21,0,16
BRDA:334,21,1,16
BRDA:355,22,0,16
BRDA:355,22,1,2
BRF:47
BRH:39
end_of_record
TN:
SF:src/pages/Contracts.tsx
FN:40,(anonymous_0)
FN:56,(anonymous_1)
FN:57,(anonymous_2)
FN:115,(anonymous_3)
FN:119,(anonymous_4)
FN:129,(anonymous_5)
FN:130,(anonymous_6)
FN:167,(anonymous_7)
FN:171,(anonymous_8)
FN:181,(anonymous_9)
FN:182,(anonymous_10)
FN:182,(anonymous_11)
FN:187,(anonymous_12)
FN:194,(anonymous_13)
FN:278,(anonymous_14)
FN:281,(anonymous_15)
FN:283,(anonymous_16)
FN:284,(anonymous_17)
FN:298,(anonymous_18)
FN:347,(anonymous_19)
FN:348,(anonymous_20)
FN:352,(anonymous_21)
FN:358,(anonymous_22)
FN:371,(anonymous_23)
FN:372,(anonymous_24)
FNF:25
FNH:24
FNDA:23,(anonymous_0)
FNDA:9,(anonymous_1)
FNDA:9,(anonymous_2)
FNDA:1,(anonymous_3)
FNDA:1,(anonymous_4)
FNDA:1,(anonymous_5)
FNDA:1,(anonymous_6)
FNDA:5,(anonymous_7)
FNDA:5,(anonymous_8)
FNDA:15,(anonymous_9)
FNDA:7,(anonymous_10)
FNDA:7,(anonymous_11)
FNDA:28,(anonymous_12)
FNDA:13,(anonymous_13)
FNDA:13,(anonymous_14)
FNDA:19,(anonymous_15)
FNDA:19,(anonymous_16)
FNDA:15,(anonymous_17)
FNDA:5,(anonymous_18)
FNDA:4,(anonymous_19)
FNDA:6,(anonymous_20)
FNDA:0,(anonymous_21)
FNDA:5,(anonymous_22)
FNDA:2,(anonymous_23)
FNDA:2,(anonymous_24)
DA:40,1
DA:41,23
DA:42,23
DA:43,23
DA:44,23
DA:45,23
DA:46,23
DA:47,23
DA:48,23
DA:50,23
DA:56,23
DA:57,9
DA:58,9
DA:59,0
DA:60,0
DA:61,0
DA:64,9
DA:65,9
DA:67,9
DA:68,9
DA:69,9
DA:70,2
DA:71,2
DA:72,2
DA:75,7
DA:80,7
DA:81,1
DA:82,1
DA:84,6
DA:85,6
DA:92,6
DA:97,6
DA:98,0
DA:99,0
DA:101,6
DA:102,6
DA:104,1
DA:105,1
DA:106,1
DA:108,9
DA:112,9
DA:115,23
DA:116,1
DA:119,23
DA:120,1
DA:121,0
DA:122,0
DA:124,1
DA:125,0
DA:126,0
DA:129,1
DA:130,1
DA:132,1
DA:133,0
DA:134,0
DA:137,1
DA:138,1
DA:139,1
DA:140,0
DA:141,0
DA:142,0
DA:145,1
DA:146,1
DA:162,0
DA:163,0
DA:167,23
DA:168,5
DA:169,5
DA:170,4
DA:171,5
DA:172,4
DA:173,2
DA:176,1
DA:180,23
DA:181,15
DA:182,7
DA:187,23
DA:188,28
DA:194,23
DA:195,13
DA:196,9
DA:197,4
DA:198,0
DA:202,23
DA:203,9
DA:206,14
DA:207,1
DA:210,13
DA:279,13
DA:280,13
DA:281,19
DA:282,13
DA:283,19
DA:285,15
DA:286,2
DA:289,13
DA:298,5
DA:348,6
DA:349,4
DA:352,0
DA:359,5
DA:372,2
DA:373,2
DA:374,2
LF:104
LH:86
BRDA:48,0,0,23
BRDA:48,0,1,0
BRDA:51,1,0,23
BRDA:51,1,1,23
BRDA:52,2,0,23
BRDA:52,2,1,0
BRDA:58,3,0,0
BRDA:58,3,1,9
BRDA:69,4,0,2
BRDA:69,4,1,7
BRDA:80,5,0,1
BRDA:80,5,1,6
BRDA:82,6,0,1
BRDA:82,6,1,0
BRDA:97,7,0,0
BRDA:97,7,1,6
BRDA:99,8,0,0
BRDA:99,8,1,0
BRDA:105,9,0,1
BRDA:105,9,1,0
BRDA:120,10,0,0
BRDA:120,10,1,1
BRDA:124,11,0,0
BRDA:124,11,1,1
BRDA:132,12,0,0
BRDA:132,12,1,1
BRDA:132,13,0,1
BRDA:132,13,1,1
BRDA:139,14,0,0
BRDA:139,14,1,1
BRDA:163,15,0,0
BRDA:163,15,1,0
BRDA:169,16,0,4
BRDA:169,16,1,1
BRDA:172,17,0,2
BRDA:172,17,1,2
BRDA:172,18,0,4
BRDA:172,18,1,4
BRDA:182,19,0,7
BRDA:182,19,1,7
BRDA:195,20,0,9
BRDA:195,20,1,4
BRDA:195,20,2,0
BRDA:202,21,0,9
BRDA:202,21,1,14
BRDA:206,22,0,1
BRDA:206,22,1,13
BRDA:270,23,0,4
BRDA:270,23,1,9
BRDA:275,24,0,4
BRDA:275,24,1,9
BRDA:275,25,0,13
BRDA:275,25,1,4
BRDA:275,25,2,4
BRDA:285,26,0,13
BRDA:285,26,1,2
BRDA:286,27,0,0
BRDA:286,27,1,2
BRDA:291,28,0,4
BRDA:291,28,1,9
BRDA:300,29,0,13
BRDA:300,29,1,6
BRDA:322,30,0,13
BRDA:322,30,1,0
BRDA:342,31,0,13
BRDA:342,31,1,4
BRDA:351,32,0,4
BRDA:351,32,1,2
BRDA:368,33,0,4
BRDA:368,33,1,2
BRDA:372,34,0,2
BRDA:372,34,1,2
BRDA:373,35,0,0
BRDA:373,35,1,2
BRDA:382,36,0,2
BRDA:382,36,1,0
BRDA:416,37,0,13
BRDA:416,37,1,4
BRDA:420,38,0,4
BRDA:420,38,1,9
BRF:80
BRH:61
end_of_record
TN:
SF:src/pages/Dashboard.tsx
FN:22,(anonymous_0)
FN:32,(anonymous_1)
FN:41,(anonymous_2)
FN:42,(anonymous_3)
FN:62,(anonymous_4)
FN:72,(anonymous_5)
FN:78,(anonymous_6)
FN:95,(anonymous_7)
FN:101,(anonymous_8)
FN:142,(anonymous_9)
FN:198,(anonymous_10)
FN:226,(anonymous_11)
FN:264,(anonymous_12)
FN:276,(anonymous_13)
FN:280,(anonymous_14)
FN:288,(anonymous_15)
FN:328,(anonymous_16)
FN:349,(anonymous_17)
FNF:18
FNH:17
FNDA:18,(anonymous_0)
FNDA:8,(anonymous_1)
FNDA:8,(anonymous_2)
FNDA:8,(anonymous_3)
FNDA:5,(anonymous_4)
FNDA:5,(anonymous_5)
FNDA:4,(anonymous_6)
FNDA:1,(anonymous_7)
FNDA:1,(anonymous_8)
FNDA:3,(anonymous_9)
FNDA:27,(anonymous_10)
FNDA:9,(anonymous_11)
FNDA:1,(anonymous_12)
FNDA:2,(anonymous_13)
FNDA:2,(anonymous_14)
FNDA:1,(anonymous_15)
FNDA:1,(anonymous_16)
FNDA:0,(anonymous_17)
DA:22,1
DA:23,18
DA:24,18
DA:25,18
DA:26,18
DA:27,18
DA:28,18
DA:29,18
DA:30,18
DA:31,18
DA:32,18
DA:33,8
DA:34,8
DA:37,18
DA:38,18
DA:39,18
DA:41,18
DA:42,8
DA:43,8
DA:44,8
DA:45,8
DA:46,8
DA:47,1
DA:48,1
DA:49,1
DA:52,7
DA:55,6
DA:57,6
DA:60,6
DA:62,6
DA:63,6
DA:64,6
DA:66,6
DA:69,6
DA:71,6
DA:72,6
DA:73,5
DA:74,5
DA:75,5
DA:76,5
DA:78,6
DA:86,1
DA:87,1
DA:89,8
DA:92,8
DA:95,18
DA:96,1
DA:97,1
DA:98,1
DA:101,18
DA:102,1
DA:103,0
DA:104,0
DA:106,1
DA:107,1
DA:108,1
DA:109,1
DA:112,18
DA:141,18
DA:142,3
DA:145,18
DA:147,18
DA:148,8
DA:155,10
DA:156,1
DA:163,9
DA:199,27
DA:227,9
DA:264,1
DA:277,2
DA:281,2
DA:288,1
DA:329,1
DA:349,0
LF:74
LH:71
BRDA:34,0,0,0
BRDA:34,0,1,8
BRDA:46,1,0,1
BRDA:46,1,1,7
BRDA:73,2,0,5
BRDA:73,2,1,4
BRDA:86,3,0,1
BRDA:86,3,1,0
BRDA:102,4,0,0
BRDA:102,4,1,1
BRDA:107,5,0,1
BRDA:107,5,1,0
BRDA:108,6,0,1
BRDA:108,6,1,0
BRDA:147,7,0,8
BRDA:147,7,1,10
BRDA:155,8,0,1
BRDA:155,8,1,9
BRDA:173,9,0,0
BRDA:173,9,1,9
BRDA:269,10,0,9
BRDA:269,10,1,2
BRDA:277,11,0,2
BRDA:277,11,1,0
BRDA:284,12,0,1
BRDA:284,12,1,1
BRDA:325,13,0,8
BRDA:325,13,1,1
BRDA:331,14,0,0
BRDA:331,14,1,1
BRDA:332,15,0,1
BRDA:332,15,1,0
BRF:32
BRH:23
end_of_record
TN:
SF:src/pages/Index.tsx
FN:3,(anonymous_0)
FNF:1
FNH:1
FNDA:1,(anonymous_0)
DA:3,1
DA:4,1
LF:2
LH:2
BRF:0
BRH:0
end_of_record
TN:
SF:src/pages/Login.tsx
FN:11,(anonymous_0)
FN:17,(anonymous_1)
FN:60,(anonymous_2)
FN:71,(anonymous_3)
FN:95,(anonymous_4)
FNF:5
FNH:4
FNDA:8,(anonymous_0)
FNDA:2,(anonymous_1)
FNDA:1,(anonymous_2)
FNDA:1,(anonymous_3)
FNDA:0,(anonymous_4)
DA:11,1
DA:12,8
DA:13,8
DA:14,8
DA:15,8
DA:17,8
DA:18,2
DA:19,2
DA:20,2
DA:21,2
DA:25,1
DA:26,1
DA:27,1
DA:28,1
DA:30,1
DA:31,1
DA:33,2
DA:37,8
DA:60,1
DA:71,1
DA:95,0
LF:21
LH:20
BRDA:30,0,0,1
BRDA:30,0,1,0
BRDA:82,1,0,2
BRDA:82,1,1,6
BRF:4
BRH:3
end_of_record
TN:
SF:src/pages/NotFound.tsx
FN:4,(anonymous_0)
FN:7,(anonymous_1)
FNF:2
FNH:2
FNDA:1,(anonymous_0)
FNDA:1,(anonymous_1)
DA:4,1
DA:5,1
DA:7,1
DA:8,1
DA:14,1
LF:5
LH:5
BRF:0
BRH:0
end_of_record
TN:
SF:src/pages/Register.tsx
FN:12,(anonymous_0)
FN:21,(anonymous_1)
FN:28,(anonymous_2)
FN:131,(anonymous_3)
FNF:4
FNH:3
FNDA:16,(anonymous_0)
FNDA:11,(anonymous_1)
FNDA:4,(anonymous_2)
FNDA:0,(anonymous_3)
DA:12,1
DA:13,16
DA:14,16
DA:19,16
DA:21,16
DA:22,11
DA:28,16
DA:29,4
DA:30,4
DA:31,2
DA:32,2
DA:34,2
DA:35,1
DA:36,1
DA:38,1
DA:39,1
DA:40,1
DA:44,1
DA:45,1
DA:47,0
DA:49,1
DA:53,16
DA:131,0
LF:23
LH:21
BRDA:30,0,0,2
BRDA:30,0,1,2
BRDA:34,1,0,1
BRDA:34,1,1,1
BRDA:44,2,0,1
BRDA:44,2,1,0
BRDA:47,3,0,0
BRDA:47,3,1,0
BRDA:115,4,0,1
BRDA:115,4,1,15
BRF:10
BRH:7
end_of_record
